<?xml version="1.0" encoding="UTF-8"?>
<!-- Generated by org.testng.reporters.JUnitReportReporter -->
<testsuite hostname="CI-L100-20" failures="0" tests="2" name="Practice.EcommerceWebsite.Tests.UserJourneyFlow1" time="16.260" errors="0" timestamp="2024-03-01T16:20:14 IST" skipped="0">
  <testcase classname="Practice.EcommerceWebsite.Tests.UserJourneyFlow1" name="verifyOrderHistory" time="5.877"/>
  <testcase classname="Practice.EcommerceWebsite.Tests.UserJourneyFlow1" name="E2EUserJourney" time="10.383"/>
</testsuite> <!-- Practice.EcommerceWebsite.Tests.UserJourneyFlow1 -->
