<?xml version="1.0" encoding="UTF-8"?>
<!-- Generated by org.testng.reporters.JUnitReportReporter -->
<testsuite hostname="CI-L100-20" failures="0" tests="1" name="Practice.EcommerceWebsite.Tests.ErrorValidation" time="11.758" errors="0" timestamp="2024-03-02T21:01:14 IST" skipped="0">
  <testcase classname="Practice.EcommerceWebsite.Tests.ErrorValidation" name="ErrorCheck1" time="11.758"/>
</testsuite> <!-- Practice.EcommerceWebsite.Tests.ErrorValidation -->
