<?xml version="1.0" encoding="UTF-8"?>
<!-- Generated by org.testng.reporters.JUnitReportReporter -->
<testsuite hostname="CI-L100-20" failures="0" tests="1" name="Cucumber.TestNGRunner" time="9.870" errors="0" timestamp="2024-03-02T08:55:19 IST" skipped="0">
  <testcase classname="Cucumber.TestNGRunner" name="runScenario" time="9.870"/>
</testsuite> <!-- Cucumber.TestNGRunner -->
