<?xml version="1.0" encoding="UTF-8"?>
<!-- Generated by org.testng.reporters.JUnitReportReporter -->
<testsuite hostname="CI-L100-20" failures="0" tests="1" name="Practice.EcommerceWebsite.Tests.ErrorValidation" time="6.016" errors="0" timestamp="2024-03-02T07:57:33 IST" skipped="0">
  <testcase classname="Practice.EcommerceWebsite.Tests.ErrorValidation" name="ErrorCheck1" time="6.016"/>
</testsuite> <!-- Practice.EcommerceWebsite.Tests.ErrorValidation -->
